  Building NVCC (Device) object CMakeFiles/vscode_cmake.dir/Debug/vscode_cmake_generated_main.cu.obj
  main.cu
c:\program files\nvidia gpu computing toolkit\cuda\v9.0\include\crt\math_functions.h : warning C4819: 璇ユ枃浠跺寘鍚笉鑳藉湪褰撳墠浠ｇ爜椤?936)涓〃绀虹殑瀛楃銆傝灏嗚鏂囦欢淇濆瓨涓?Unicode 鏍煎紡浠ラ槻姝㈡暟鎹涪澶?
c:\program files\nvidia gpu computing toolkit\cuda\v9.0\include\crt\math_functions.h(838): warning C4819: 璇ユ枃浠跺寘鍚笉鑳藉湪褰撳墠浠ｇ爜椤?936)涓〃绀虹殑瀛楃銆傝灏嗚鏂囦欢淇濆瓨涓?Unicode 鏍煎紡浠ラ槻姝㈡暟鎹涪澶?
c:\program files\nvidia gpu computing toolkit\cuda\v9.0\include\crt\math_functions.h(1772): warning C4819: 璇ユ枃浠跺寘鍚笉鑳藉湪褰撳墠浠ｇ爜椤?936)涓〃绀虹殑瀛楃銆傝灏嗚鏂囦欢淇濆瓨涓?Unicode 鏍煎紡浠ラ槻姝㈡暟鎹涪澶?
c:\program files\nvidia gpu computing toolkit\cuda\v9.0\include\crt\math_functions.h(2628): warning C4819: 璇ユ枃浠跺寘鍚笉鑳藉湪褰撳墠浠ｇ爜椤?936)涓〃绀虹殑瀛楃銆傝灏嗚鏂囦欢淇濆瓨涓?Unicode 鏍煎紡浠ラ槻姝㈡暟鎹涪澶?
c:\program files\nvidia gpu computing toolkit\cuda\v9.0\include\crt\math_functions.h(3477): warning C4819: 璇ユ枃浠跺寘鍚笉鑳藉湪褰撳墠浠ｇ爜椤?936)涓〃绀虹殑瀛楃銆傝灏嗚鏂囦欢淇濆瓨涓?Unicode 鏍煎紡浠ラ槻姝㈡暟鎹涪澶?
c:\program files\nvidia gpu computing toolkit\cuda\v9.0\include\crt\math_functions.h(4417): warning C4819: 璇ユ枃浠跺寘鍚笉鑳藉湪褰撳墠浠ｇ爜椤?936)涓〃绀虹殑瀛楃銆傝灏嗚鏂囦欢淇濆瓨涓?Unicode 鏍煎紡浠ラ槻姝㈡暟鎹涪澶?
c:\program files\nvidia gpu computing toolkit\cuda\v9.0\include\crt\math_functions.h(5319): warning C4819: 璇ユ枃浠跺寘鍚笉鑳藉湪褰撳墠浠ｇ爜椤?936)涓〃绀虹殑瀛楃銆傝灏嗚鏂囦欢淇濆瓨涓?Unicode 鏍煎紡浠ラ槻姝㈡暟鎹涪澶?
c:\program files\nvidia gpu computing toolkit\cuda\v9.0\include\crt\math_functions.h(6229): warning C4819: 璇ユ枃浠跺寘鍚笉鑳藉湪褰撳墠浠ｇ爜椤?936)涓〃绀虹殑瀛楃銆傝灏嗚鏂囦欢淇濆瓨涓?Unicode 鏍煎紡浠ラ槻姝㈡暟鎹涪澶?
c:\program files\nvidia gpu computing toolkit\cuda\v9.0\include\crt\math_functions.h(7104): warning C4819: 璇ユ枃浠跺寘鍚笉鑳藉湪褰撳墠浠ｇ爜椤?936)涓〃绀虹殑瀛楃銆傝灏嗚鏂囦欢淇濆瓨涓?Unicode 鏍煎紡浠ラ槻姝㈡暟鎹涪澶?
c:\program files\nvidia gpu computing toolkit\cuda\v9.0\include\crt\math_functions.h(7914): warning C4819: 璇ユ枃浠跺寘鍚笉鑳藉湪褰撳墠浠ｇ爜椤?936)涓〃绀虹殑瀛楃銆傝灏嗚鏂囦欢淇濆瓨涓?Unicode 鏍煎紡浠ラ槻姝㈡暟鎹涪澶?
c:\program files\nvidia gpu computing toolkit\cuda\v9.0\include\crt/device_functions.h : warning C4819: 璇ユ枃浠跺寘鍚笉鑳藉湪褰撳墠浠ｇ爜椤?936)涓〃绀虹殑瀛楃銆傝灏嗚鏂囦欢淇濆瓨涓?Unicode 鏍煎紡浠ラ槻姝㈡暟鎹涪澶?
c:\program files\nvidia gpu computing toolkit\cuda\v9.0\include\crt/device_functions.h(776): warning C4819: 璇ユ枃浠跺寘鍚笉鑳藉湪褰撳墠浠ｇ爜椤?936)涓〃绀虹殑瀛楃銆傝灏嗚鏂囦欢淇濆瓨涓?Unicode 鏍煎紡浠ラ槻姝㈡暟鎹涪澶?
c:\program files\nvidia gpu computing toolkit\cuda\v9.0\include\crt/device_functions.h(1636): warning C4819: 璇ユ枃浠跺寘鍚笉鑳藉湪褰撳墠浠ｇ爜椤?936)涓〃绀虹殑瀛楃銆傝灏嗚鏂囦欢淇濆瓨涓?Unicode 鏍煎紡浠ラ槻姝㈡暟鎹涪澶?
c:\program files\nvidia gpu computing toolkit\cuda\v9.0\include\crt\device_double_functions.h : warning C4819: 璇ユ枃浠跺寘鍚笉鑳藉湪褰撳墠浠ｇ爜椤?936)涓〃绀虹殑瀛楃銆傝灏嗚鏂囦欢淇濆瓨涓?Unicode 鏍煎紡浠ラ槻姝㈡暟鎹涪澶?
c:\program files\nvidia gpu computing toolkit\cuda\v9.0\include\sm_20_intrinsics.h : warning C4819: 璇ユ枃浠跺寘鍚笉鑳藉湪褰撳墠浠ｇ爜椤?936)涓〃绀虹殑瀛楃銆傝灏嗚鏂囦欢淇濆瓨涓?Unicode 鏍煎紡浠ラ槻姝㈡暟鎹涪澶?
c:\program files\nvidia gpu computing toolkit\cuda\v9.0\include\sm_20_intrinsics.h(925): warning C4819: 璇ユ枃浠跺寘鍚笉鑳藉湪褰撳墠浠ｇ爜椤?936)涓〃绀虹殑瀛楃銆傝灏嗚鏂囦欢淇濆瓨涓?Unicode 鏍煎紡浠ラ槻姝㈡暟鎹涪澶?
c:\program files\nvidia gpu computing toolkit\cuda\v9.0\include\crt\math_functions.h : warning C4819: 璇ユ枃浠跺寘鍚笉鑳藉湪褰撳墠浠ｇ爜椤?936)涓〃绀虹殑瀛楃銆傝灏嗚鏂囦欢淇濆瓨涓?Unicode 鏍煎紡浠ラ槻姝㈡暟鎹涪澶?
c:\program files\nvidia gpu computing toolkit\cuda\v9.0\include\crt\math_functions.h(838): warning C4819: 璇ユ枃浠跺寘鍚笉鑳藉湪褰撳墠浠ｇ爜椤?936)涓〃绀虹殑瀛楃銆傝灏嗚鏂囦欢淇濆瓨涓?Unicode 鏍煎紡浠ラ槻姝㈡暟鎹涪澶?
c:\program files\nvidia gpu computing toolkit\cuda\v9.0\include\crt\math_functions.h(1772): warning C4819: 璇ユ枃浠跺寘鍚笉鑳藉湪褰撳墠浠ｇ爜椤?936)涓〃绀虹殑瀛楃銆傝灏嗚鏂囦欢淇濆瓨涓?Unicode 鏍煎紡浠ラ槻姝㈡暟鎹涪澶?
c:\program files\nvidia gpu computing toolkit\cuda\v9.0\include\crt\math_functions.h(2628): warning C4819: 璇ユ枃浠跺寘鍚笉鑳藉湪褰撳墠浠ｇ爜椤?936)涓〃绀虹殑瀛楃銆傝灏嗚鏂囦欢淇濆瓨涓?Unicode 鏍煎紡浠ラ槻姝㈡暟鎹涪澶?
c:\program files\nvidia gpu computing toolkit\cuda\v9.0\include\crt\math_functions.h(3477): warning C4819: 璇ユ枃浠跺寘鍚笉鑳藉湪褰撳墠浠ｇ爜椤?936)涓〃绀虹殑瀛楃銆傝灏嗚鏂囦欢淇濆瓨涓?Unicode 鏍煎紡浠ラ槻姝㈡暟鎹涪澶?
c:\program files\nvidia gpu computing toolkit\cuda\v9.0\include\crt\math_functions.h(4417): warning C4819: 璇ユ枃浠跺寘鍚笉鑳藉湪褰撳墠浠ｇ爜椤?936)涓〃绀虹殑瀛楃銆傝灏嗚鏂囦欢淇濆瓨涓?Unicode 鏍煎紡浠ラ槻姝㈡暟鎹涪澶?
c:\program files\nvidia gpu computing toolkit\cuda\v9.0\include\crt\math_functions.h(5319): warning C4819: 璇ユ枃浠跺寘鍚笉鑳藉湪褰撳墠浠ｇ爜椤?936)涓〃绀虹殑瀛楃銆傝灏嗚鏂囦欢淇濆瓨涓?Unicode 鏍煎紡浠ラ槻姝㈡暟鎹涪澶?
c:\program files\nvidia gpu computing toolkit\cuda\v9.0\include\crt\math_functions.h(6229): warning C4819: 璇ユ枃浠跺寘鍚笉鑳藉湪褰撳墠浠ｇ爜椤?936)涓〃绀虹殑瀛楃銆傝灏嗚鏂囦欢淇濆瓨涓?Unicode 鏍煎紡浠ラ槻姝㈡暟鎹涪澶?
c:\program files\nvidia gpu computing toolkit\cuda\v9.0\include\crt\math_functions.h(7104): warning C4819: 璇ユ枃浠跺寘鍚笉鑳藉湪褰撳墠浠ｇ爜椤?936)涓〃绀虹殑瀛楃銆傝灏嗚鏂囦欢淇濆瓨涓?Unicode 鏍煎紡浠ラ槻姝㈡暟鎹涪澶?
c:\program files\nvidia gpu computing toolkit\cuda\v9.0\include\crt\math_functions.h(7914): warning C4819: 璇ユ枃浠跺寘鍚笉鑳藉湪褰撳墠浠ｇ爜椤?936)涓〃绀虹殑瀛楃銆傝灏嗚鏂囦欢淇濆瓨涓?Unicode 鏍煎紡浠ラ槻姝㈡暟鎹涪澶?
c:\program files\nvidia gpu computing toolkit\cuda\v9.0\include\crt/device_functions.h : warning C4819: 璇ユ枃浠跺寘鍚笉鑳藉湪褰撳墠浠ｇ爜椤?936)涓〃绀虹殑瀛楃銆傝灏嗚鏂囦欢淇濆瓨涓?Unicode 鏍煎紡浠ラ槻姝㈡暟鎹涪澶?
c:\program files\nvidia gpu computing toolkit\cuda\v9.0\include\crt/device_functions.h(776): warning C4819: 璇ユ枃浠跺寘鍚笉鑳藉湪褰撳墠浠ｇ爜椤?936)涓〃绀虹殑瀛楃銆傝灏嗚鏂囦欢淇濆瓨涓?Unicode 鏍煎紡浠ラ槻姝㈡暟鎹涪澶?
c:\program files\nvidia gpu computing toolkit\cuda\v9.0\include\crt/device_functions.h(1636): warning C4819: 璇ユ枃浠跺寘鍚笉鑳藉湪褰撳墠浠ｇ爜椤?936)涓〃绀虹殑瀛楃銆傝灏嗚鏂囦欢淇濆瓨涓?Unicode 鏍煎紡浠ラ槻姝㈡暟鎹涪澶?
c:\program files\nvidia gpu computing toolkit\cuda\v9.0\include\crt\device_double_functions.h : warning C4819: 璇ユ枃浠跺寘鍚笉鑳藉湪褰撳墠浠ｇ爜椤?936)涓〃绀虹殑瀛楃銆傝灏嗚鏂囦欢淇濆瓨涓?Unicode 鏍煎紡浠ラ槻姝㈡暟鎹涪澶?
c:\program files\nvidia gpu computing toolkit\cuda\v9.0\include\sm_20_intrinsics.h : warning C4819: 璇ユ枃浠跺寘鍚笉鑳藉湪褰撳墠浠ｇ爜椤?936)涓〃绀虹殑瀛楃銆傝灏嗚鏂囦欢淇濆瓨涓?Unicode 鏍煎紡浠ラ槻姝㈡暟鎹涪澶?
c:\program files\nvidia gpu computing toolkit\cuda\v9.0\include\sm_20_intrinsics.h(925): warning C4819: 璇ユ枃浠跺寘鍚笉鑳藉湪褰撳墠浠ｇ爜椤?936)涓〃绀虹殑瀛楃銆傝灏嗚鏂囦欢淇濆瓨涓?Unicode 鏍煎紡浠ラ槻姝㈡暟鎹涪澶?
c:\program files\nvidia gpu computing toolkit\cuda\v9.0\include\crt\math_functions.h : warning C4819: 璇ユ枃浠跺寘鍚笉鑳藉湪褰撳墠浠ｇ爜椤?936)涓〃绀虹殑瀛楃銆傝灏嗚鏂囦欢淇濆瓨涓?Unicode 鏍煎紡浠ラ槻姝㈡暟鎹涪澶?
c:\program files\nvidia gpu computing toolkit\cuda\v9.0\include\crt\math_functions.h(838): warning C4819: 璇ユ枃浠跺寘鍚笉鑳藉湪褰撳墠浠ｇ爜椤?936)涓〃绀虹殑瀛楃銆傝灏嗚鏂囦欢淇濆瓨涓?Unicode 鏍煎紡浠ラ槻姝㈡暟鎹涪澶?
c:\program files\nvidia gpu computing toolkit\cuda\v9.0\include\crt\math_functions.h(1772): warning C4819: 璇ユ枃浠跺寘鍚笉鑳藉湪褰撳墠浠ｇ爜椤?936)涓〃绀虹殑瀛楃銆傝灏嗚鏂囦欢淇濆瓨涓?Unicode 鏍煎紡浠ラ槻姝㈡暟鎹涪澶?
c:\program files\nvidia gpu computing toolkit\cuda\v9.0\include\crt\math_functions.h(2628): warning C4819: 璇ユ枃浠跺寘鍚笉鑳藉湪褰撳墠浠ｇ爜椤?936)涓〃绀虹殑瀛楃銆傝灏嗚鏂囦欢淇濆瓨涓?Unicode 鏍煎紡浠ラ槻姝㈡暟鎹涪澶?
c:\program files\nvidia gpu computing toolkit\cuda\v9.0\include\crt\math_functions.h(3477): warning C4819: 璇ユ枃浠跺寘鍚笉鑳藉湪褰撳墠浠ｇ爜椤?936)涓〃绀虹殑瀛楃銆傝灏嗚鏂囦欢淇濆瓨涓?Unicode 鏍煎紡浠ラ槻姝㈡暟鎹涪澶?
c:\program files\nvidia gpu computing toolkit\cuda\v9.0\include\crt\math_functions.h(4417): warning C4819: 璇ユ枃浠跺寘鍚笉鑳藉湪褰撳墠浠ｇ爜椤?936)涓〃绀虹殑瀛楃銆傝灏嗚鏂囦欢淇濆瓨涓?Unicode 鏍煎紡浠ラ槻姝㈡暟鎹涪澶?
c:\program files\nvidia gpu computing toolkit\cuda\v9.0\include\crt\math_functions.h(5319): warning C4819: 璇ユ枃浠跺寘鍚笉鑳藉湪褰撳墠浠ｇ爜椤?936)涓〃绀虹殑瀛楃銆傝灏嗚鏂囦欢淇濆瓨涓?Unicode 鏍煎紡浠ラ槻姝㈡暟鎹涪澶?
c:\program files\nvidia gpu computing toolkit\cuda\v9.0\include\crt\math_functions.h(6229): warning C4819: 璇ユ枃浠跺寘鍚笉鑳藉湪褰撳墠浠ｇ爜椤?936)涓〃绀虹殑瀛楃銆傝灏嗚鏂囦欢淇濆瓨涓?Unicode 鏍煎紡浠ラ槻姝㈡暟鎹涪澶?
c:\program files\nvidia gpu computing toolkit\cuda\v9.0\include\crt\math_functions.h(7104): warning C4819: 璇ユ枃浠跺寘鍚笉鑳藉湪褰撳墠浠ｇ爜椤?936)涓〃绀虹殑瀛楃銆傝灏嗚鏂囦欢淇濆瓨涓?Unicode 鏍煎紡浠ラ槻姝㈡暟鎹涪澶?
c:\program files\nvidia gpu computing toolkit\cuda\v9.0\include\crt\math_functions.h(7914): warning C4819: 璇ユ枃浠跺寘鍚笉鑳藉湪褰撳墠浠ｇ爜椤?936)涓〃绀虹殑瀛楃銆傝灏嗚鏂囦欢淇濆瓨涓?Unicode 鏍煎紡浠ラ槻姝㈡暟鎹涪澶?
c:\program files\nvidia gpu computing toolkit\cuda\v9.0\include\crt/device_functions.h : warning C4819: 璇ユ枃浠跺寘鍚笉鑳藉湪褰撳墠浠ｇ爜椤?936)涓〃绀虹殑瀛楃銆傝灏嗚鏂囦欢淇濆瓨涓?Unicode 鏍煎紡浠ラ槻姝㈡暟鎹涪澶?
c:\program files\nvidia gpu computing toolkit\cuda\v9.0\include\crt/device_functions.h(776): warning C4819: 璇ユ枃浠跺寘鍚笉鑳藉湪褰撳墠浠ｇ爜椤?936)涓〃绀虹殑瀛楃銆傝灏嗚鏂囦欢淇濆瓨涓?Unicode 鏍煎紡浠ラ槻姝㈡暟鎹涪澶?
c:\program files\nvidia gpu computing toolkit\cuda\v9.0\include\crt/device_functions.h(1636): warning C4819: 璇ユ枃浠跺寘鍚笉鑳藉湪褰撳墠浠ｇ爜椤?936)涓〃绀虹殑瀛楃銆傝灏嗚鏂囦欢淇濆瓨涓?Unicode 鏍煎紡浠ラ槻姝㈡暟鎹涪澶?
c:\program files\nvidia gpu computing toolkit\cuda\v9.0\include\crt\device_double_functions.h : warning C4819: 璇ユ枃浠跺寘鍚笉鑳藉湪褰撳墠浠ｇ爜椤?936)涓〃绀虹殑瀛楃銆傝灏嗚鏂囦欢淇濆瓨涓?Unicode 鏍煎紡浠ラ槻姝㈡暟鎹涪澶?
c:\program files\nvidia gpu computing toolkit\cuda\v9.0\include\sm_20_intrinsics.h : warning C4819: 璇ユ枃浠跺寘鍚笉鑳藉湪褰撳墠浠ｇ爜椤?936)涓〃绀虹殑瀛楃銆傝灏嗚鏂囦欢淇濆瓨涓?Unicode 鏍煎紡浠ラ槻姝㈡暟鎹涪澶?
c:\program files\nvidia gpu computing toolkit\cuda\v9.0\include\sm_20_intrinsics.h(925): warning C4819: 璇ユ枃浠跺寘鍚笉鑳藉湪褰撳墠浠ｇ爜椤?936)涓〃绀虹殑瀛楃銆傝灏嗚鏂囦欢淇濆瓨涓?Unicode 鏍煎紡浠ラ槻姝㈡暟鎹涪澶?
c:\program files\nvidia gpu computing toolkit\cuda\v9.0\include\crt\math_functions.h : warning C4819: 璇ユ枃浠跺寘鍚笉鑳藉湪褰撳墠浠ｇ爜椤?936)涓〃绀虹殑瀛楃銆傝灏嗚鏂囦欢淇濆瓨涓?Unicode 鏍煎紡浠ラ槻姝㈡暟鎹涪澶?
c:\program files\nvidia gpu computing toolkit\cuda\v9.0\include\crt\math_functions.h(838): warning C4819: 璇ユ枃浠跺寘鍚笉鑳藉湪褰撳墠浠ｇ爜椤?936)涓〃绀虹殑瀛楃銆傝灏嗚鏂囦欢淇濆瓨涓?Unicode 鏍煎紡浠ラ槻姝㈡暟鎹涪澶?
c:\program files\nvidia gpu computing toolkit\cuda\v9.0\include\crt\math_functions.h(1772): warning C4819: 璇ユ枃浠跺寘鍚笉鑳藉湪褰撳墠浠ｇ爜椤?936)涓〃绀虹殑瀛楃銆傝灏嗚鏂囦欢淇濆瓨涓?Unicode 鏍煎紡浠ラ槻姝㈡暟鎹涪澶?
c:\program files\nvidia gpu computing toolkit\cuda\v9.0\include\crt\math_functions.h(2628): warning C4819: 璇ユ枃浠跺寘鍚笉鑳藉湪褰撳墠浠ｇ爜椤?936)涓〃绀虹殑瀛楃銆傝灏嗚鏂囦欢淇濆瓨涓?Unicode 鏍煎紡浠ラ槻姝㈡暟鎹涪澶?
c:\program files\nvidia gpu computing toolkit\cuda\v9.0\include\crt\math_functions.h(3477): warning C4819: 璇ユ枃浠跺寘鍚笉鑳藉湪褰撳墠浠ｇ爜椤?936)涓〃绀虹殑瀛楃銆傝灏嗚鏂囦欢淇濆瓨涓?Unicode 鏍煎紡浠ラ槻姝㈡暟鎹涪澶?
c:\program files\nvidia gpu computing toolkit\cuda\v9.0\include\crt\math_functions.h(4417): warning C4819: 璇ユ枃浠跺寘鍚笉鑳藉湪褰撳墠浠ｇ爜椤?936)涓〃绀虹殑瀛楃銆傝灏嗚鏂囦欢淇濆瓨涓?Unicode 鏍煎紡浠ラ槻姝㈡暟鎹涪澶?
c:\program files\nvidia gpu computing toolkit\cuda\v9.0\include\crt\math_functions.h(5319): warning C4819: 璇ユ枃浠跺寘鍚笉鑳藉湪褰撳墠浠ｇ爜椤?936)涓〃绀虹殑瀛楃銆傝灏嗚鏂囦欢淇濆瓨涓?Unicode 鏍煎紡浠ラ槻姝㈡暟鎹涪澶?
c:\program files\nvidia gpu computing toolkit\cuda\v9.0\include\crt\math_functions.h(6229): warning C4819: 璇ユ枃浠跺寘鍚笉鑳藉湪褰撳墠浠ｇ爜椤?936)涓〃绀虹殑瀛楃銆傝灏嗚鏂囦欢淇濆瓨涓?Unicode 鏍煎紡浠ラ槻姝㈡暟鎹涪澶?
c:\program files\nvidia gpu computing toolkit\cuda\v9.0\include\crt\math_functions.h(7104): warning C4819: 璇ユ枃浠跺寘鍚笉鑳藉湪褰撳墠浠ｇ爜椤?936)涓〃绀虹殑瀛楃銆傝灏嗚鏂囦欢淇濆瓨涓?Unicode 鏍煎紡浠ラ槻姝㈡暟鎹涪澶?
c:\program files\nvidia gpu computing toolkit\cuda\v9.0\include\crt\math_functions.h(7914): warning C4819: 璇ユ枃浠跺寘鍚笉鑳藉湪褰撳墠浠ｇ爜椤?936)涓〃绀虹殑瀛楃銆傝灏嗚鏂囦欢淇濆瓨涓?Unicode 鏍煎紡浠ラ槻姝㈡暟鎹涪澶?
c:\program files\nvidia gpu computing toolkit\cuda\v9.0\include\crt/device_functions.h : warning C4819: 璇ユ枃浠跺寘鍚笉鑳藉湪褰撳墠浠ｇ爜椤?936)涓〃绀虹殑瀛楃銆傝灏嗚鏂囦欢淇濆瓨涓?Unicode 鏍煎紡浠ラ槻姝㈡暟鎹涪澶?
c:\program files\nvidia gpu computing toolkit\cuda\v9.0\include\crt/device_functions.h(776): warning C4819: 璇ユ枃浠跺寘鍚笉鑳藉湪褰撳墠浠ｇ爜椤?936)涓〃绀虹殑瀛楃銆傝灏嗚鏂囦欢淇濆瓨涓?Unicode 鏍煎紡浠ラ槻姝㈡暟鎹涪澶?
c:\program files\nvidia gpu computing toolkit\cuda\v9.0\include\crt/device_functions.h(1636): warning C4819: 璇ユ枃浠跺寘鍚笉鑳藉湪褰撳墠浠ｇ爜椤?936)涓〃绀虹殑瀛楃銆傝灏嗚鏂囦欢淇濆瓨涓?Unicode 鏍煎紡浠ラ槻姝㈡暟鎹涪澶?
c:\program files\nvidia gpu computing toolkit\cuda\v9.0\include\crt\device_double_functions.h : warning C4819: 璇ユ枃浠跺寘鍚笉鑳藉湪褰撳墠浠ｇ爜椤?936)涓〃绀虹殑瀛楃銆傝灏嗚鏂囦欢淇濆瓨涓?Unicode 鏍煎紡浠ラ槻姝㈡暟鎹涪澶?
c:\program files\nvidia gpu computing toolkit\cuda\v9.0\include\sm_20_intrinsics.h : warning C4819: 璇ユ枃浠跺寘鍚笉鑳藉湪褰撳墠浠ｇ爜椤?936)涓〃绀虹殑瀛楃銆傝灏嗚鏂囦欢淇濆瓨涓?Unicode 鏍煎紡浠ラ槻姝㈡暟鎹涪澶?
c:\program files\nvidia gpu computing toolkit\cuda\v9.0\include\sm_20_intrinsics.h(925): warning C4819: 璇ユ枃浠跺寘鍚笉鑳藉湪褰撳墠浠ｇ爜椤?936)涓〃绀虹殑瀛楃銆傝灏嗚鏂囦欢淇濆瓨涓?Unicode 鏍煎紡浠ラ槻姝㈡暟鎹涪澶?
  main.cu
c:\program files\nvidia gpu computing toolkit\cuda\v9.0\include\crt\math_functions.h : warning C4819: 璇ユ枃浠跺寘鍚笉鑳藉湪褰撳墠浠ｇ爜椤?936)涓〃绀虹殑瀛楃銆傝灏嗚鏂囦欢淇濆瓨涓?Unicode 鏍煎紡浠ラ槻姝㈡暟鎹涪澶?
c:\program files\nvidia gpu computing toolkit\cuda\v9.0\include\crt\math_functions.h(838): warning C4819: 璇ユ枃浠跺寘鍚笉鑳藉湪褰撳墠浠ｇ爜椤?936)涓〃绀虹殑瀛楃銆傝灏嗚鏂囦欢淇濆瓨涓?Unicode 鏍煎紡浠ラ槻姝㈡暟鎹涪澶?
c:\program files\nvidia gpu computing toolkit\cuda\v9.0\include\crt\math_functions.h(1772): warning C4819: 璇ユ枃浠跺寘鍚笉鑳藉湪褰撳墠浠ｇ爜椤?936)涓〃绀虹殑瀛楃銆傝灏嗚鏂囦欢淇濆瓨涓?Unicode 鏍煎紡浠ラ槻姝㈡暟鎹涪澶?
c:\program files\nvidia gpu computing toolkit\cuda\v9.0\include\crt\math_functions.h(2628): warning C4819: 璇ユ枃浠跺寘鍚笉鑳藉湪褰撳墠浠ｇ爜椤?936)涓〃绀虹殑瀛楃銆傝灏嗚鏂囦欢淇濆瓨涓?Unicode 鏍煎紡浠ラ槻姝㈡暟鎹涪澶?
c:\program files\nvidia gpu computing toolkit\cuda\v9.0\include\crt\math_functions.h(3477): warning C4819: 璇ユ枃浠跺寘鍚笉鑳藉湪褰撳墠浠ｇ爜椤?936)涓〃绀虹殑瀛楃銆傝灏嗚鏂囦欢淇濆瓨涓?Unicode 鏍煎紡浠ラ槻姝㈡暟鎹涪澶?
c:\program files\nvidia gpu computing toolkit\cuda\v9.0\include\crt\math_functions.h(4417): warning C4819: 璇ユ枃浠跺寘鍚笉鑳藉湪褰撳墠浠ｇ爜椤?936)涓〃绀虹殑瀛楃銆傝灏嗚鏂囦欢淇濆瓨涓?Unicode 鏍煎紡浠ラ槻姝㈡暟鎹涪澶?
c:\program files\nvidia gpu computing toolkit\cuda\v9.0\include\crt\math_functions.h(5319): warning C4819: 璇ユ枃浠跺寘鍚笉鑳藉湪褰撳墠浠ｇ爜椤?936)涓〃绀虹殑瀛楃銆傝灏嗚鏂囦欢淇濆瓨涓?Unicode 鏍煎紡浠ラ槻姝㈡暟鎹涪澶?
c:\program files\nvidia gpu computing toolkit\cuda\v9.0\include\crt\math_functions.h(6229): warning C4819: 璇ユ枃浠跺寘鍚笉鑳藉湪褰撳墠浠ｇ爜椤?936)涓〃绀虹殑瀛楃銆傝灏嗚鏂囦欢淇濆瓨涓?Unicode 鏍煎紡浠ラ槻姝㈡暟鎹涪澶?
c:\program files\nvidia gpu computing toolkit\cuda\v9.0\include\crt\math_functions.h(7104): warning C4819: 璇ユ枃浠跺寘鍚笉鑳藉湪褰撳墠浠ｇ爜椤?936)涓〃绀虹殑瀛楃銆傝灏嗚鏂囦欢淇濆瓨涓?Unicode 鏍煎紡浠ラ槻姝㈡暟鎹涪澶?
c:\program files\nvidia gpu computing toolkit\cuda\v9.0\include\crt\math_functions.h(7914): warning C4819: 璇ユ枃浠跺寘鍚笉鑳藉湪褰撳墠浠ｇ爜椤?936)涓〃绀虹殑瀛楃銆傝灏嗚鏂囦欢淇濆瓨涓?Unicode 鏍煎紡浠ラ槻姝㈡暟鎹涪澶?
    正在创建库 F:/TestMake/vscode_cmake/build2/Debug/vscode_cmake.lib 和对象 F:/TestMake/vscode_cmake/build2/Debug/vscode_cmake.exp
  vscode_cmake.vcxproj -> F:\TestMake\vscode_cmake\build2\Debug\vscode_cmake.exe
  vscode_cmake.vcxproj -> F:/TestMake/vscode_cmake/build2/Debug/vscode_cmake.pdb (Full PDB)
